<?xml version="1.0" encoding="UTF-8"?>
<!-- Generated by org.testng.reporters.JUnitXMLReporter -->
<testsuite hostname="PC333975" name="Test_Sample_Api-Run1" tests="1" failures="1" timestamp="24 Jan 2019 13:05:56 GMT" time="3.867" errors="0">
  <testcase name="testMaxWorkOrder" time="3.848" classname="com.mop.qa.test.bvt.Test_Sample_Api">
    <failure type="java.lang.AssertionError" message="Test_Sample_Api Failed due to error org.json.JSONException: A JSONObject text must begin with &amp;apos;{&amp;apos; at character 1 expected [true] but found [false]">
      <![CDATA[java.lang.AssertionError: Test_Sample_Api Failed due to error org.json.JSONException: A JSONObject text must begin with '{' at character 1 expected [true] but found [false]
	at com.mop.qa.test.bvt.Test_Sample_Api.testMaxWorkOrder(Test_Sample_Api.java:34)
	at com.mop.qa.testrunner.TestRunner.testRun(TestRunner.java:166)
... Removed 48 stack frames]]>
    </failure>
  </testcase> <!-- testMaxWorkOrder -->
</testsuite> <!-- Test_Sample_Api-Run1 -->
